The system is: Linux - 4.2.0-30-generic - x86_64
Compiling the C compiler identification source file "CMakeCCompilerId.c" succeeded.
Compiler: /opt/intel/compilers_and_libraries/linux/mpi/bin64/mpicc 
Build flags: 
Id flags: 

The output was:
0


Compilation of the C compiler identification source "CMakeCCompilerId.c" produced "a.out"

The C compiler identification is Intel, found in "/home/xentrics/Development/cpp coding/AE/ae_smoothlife/build/CMakeFiles/3.2.2/CompilerIdC/a.out"

Compiling the CXX compiler identification source file "CMakeCXXCompilerId.cpp" succeeded.
Compiler: /opt/intel/compilers_and_libraries/linux/mpi/bin64/mpicxx 
Build flags: 
Id flags: 

The output was:
0


Compilation of the CXX compiler identification source "CMakeCXXCompilerId.cpp" produced "a.out"

The CXX compiler identification is Intel, found in "/home/xentrics/Development/cpp coding/AE/ae_smoothlife/build/CMakeFiles/3.2.2/CompilerIdCXX/a.out"

Determining if the C compiler works passed with the following output:
Change Dir: /home/xentrics/Development/cpp coding/AE/ae_smoothlife/build/CMakeFiles/CMakeTmp

Run Build Command:"/usr/bin/make" "cmTryCompileExec581836642/fast"
/usr/bin/make -f CMakeFiles/cmTryCompileExec581836642.dir/build.make CMakeFiles/cmTryCompileExec581836642.dir/build
make[1]: Entering directory '/home/xentrics/Development/cpp coding/AE/ae_smoothlife/build/CMakeFiles/CMakeTmp'
/usr/bin/cmake -E cmake_progress_report "/home/xentrics/Development/cpp coding/AE/ae_smoothlife/build/CMakeFiles/CMakeTmp/CMakeFiles" 1
Building C object CMakeFiles/cmTryCompileExec581836642.dir/testCCompiler.c.o
/opt/intel/compilers_and_libraries/linux/mpi/bin64/mpicc    -o CMakeFiles/cmTryCompileExec581836642.dir/testCCompiler.c.o   -c "/home/xentrics/Development/cpp coding/AE/ae_smoothlife/build/CMakeFiles/CMakeTmp/testCCompiler.c"
Linking C executable cmTryCompileExec581836642
/usr/bin/cmake -E cmake_link_script CMakeFiles/cmTryCompileExec581836642.dir/link.txt --verbose=1
/opt/intel/compilers_and_libraries/linux/mpi/bin64/mpicc       CMakeFiles/cmTryCompileExec581836642.dir/testCCompiler.c.o  -o cmTryCompileExec581836642 -rdynamic 
make[1]: Leaving directory '/home/xentrics/Development/cpp coding/AE/ae_smoothlife/build/CMakeFiles/CMakeTmp'


Detecting C compiler ABI info compiled with the following output:
Change Dir: /home/xentrics/Development/cpp coding/AE/ae_smoothlife/build/CMakeFiles/CMakeTmp

Run Build Command:"/usr/bin/make" "cmTryCompileExec1187726942/fast"
/usr/bin/make -f CMakeFiles/cmTryCompileExec1187726942.dir/build.make CMakeFiles/cmTryCompileExec1187726942.dir/build
make[1]: Entering directory '/home/xentrics/Development/cpp coding/AE/ae_smoothlife/build/CMakeFiles/CMakeTmp'
/usr/bin/cmake -E cmake_progress_report "/home/xentrics/Development/cpp coding/AE/ae_smoothlife/build/CMakeFiles/CMakeTmp/CMakeFiles" 1
Building C object CMakeFiles/cmTryCompileExec1187726942.dir/CMakeCCompilerABI.c.o
/opt/intel/compilers_and_libraries/linux/mpi/bin64/mpicc    -o CMakeFiles/cmTryCompileExec1187726942.dir/CMakeCCompilerABI.c.o   -c /usr/share/cmake-3.2/Modules/CMakeCCompilerABI.c
Linking C executable cmTryCompileExec1187726942
/usr/bin/cmake -E cmake_link_script CMakeFiles/cmTryCompileExec1187726942.dir/link.txt --verbose=1
/opt/intel/compilers_and_libraries/linux/mpi/bin64/mpicc      -v CMakeFiles/cmTryCompileExec1187726942.dir/CMakeCCompilerABI.c.o  -o cmTryCompileExec1187726942 -rdynamic  
mpiicc for the Intel(R) MPI Library 5.1.2 for Linux*
Copyright(C) 2003-2015, Intel Corporation.  All rights reserved.
icc version 16.0.1 (gcc version 5.0.0 compatibility)
/opt/intel/compilers_and_libraries_2016.1.150/linux/bin/intel64/mcpcom    -mGLOB_em64t=TRUE -mP1OPT_version=16.0-intel64 -mGLOB_diag_file=CMakeFiles/cmTryCompileExec1187726942.dir/CMakeCCompilerABI.c.diag -mP1OPT_print_version=FALSE -mCG_use_gas_got_workaround=F -mP2OPT_align_option_used=TRUE -mGLOB_gcc_version=500 "-mGLOB_options_string=-I/opt/intel//compilers_and_libraries_2016.1.150/linux/mpi/intel64/include -v -o cmTryCompileExec1187726942 -rdynamic -L/opt/intel//compilers_and_libraries_2016.1.150/linux/mpi/intel64/lib/release_mt -L/opt/intel//compilers_and_libraries_2016.1.150/linux/mpi/intel64/lib -Xlinker --enable-new-dtags -Xlinker -rpath -Xlinker /opt/intel//compilers_and_libraries_2016.1.150/linux/mpi/intel64/lib/release_mt -Xlinker -rpath -Xlinker /opt/intel//compilers_and_libraries_2016.1.150/linux/mpi/intel64/lib -Xlinker -rpath -Xlinker /opt/intel/mpi-rt/5.1/intel64/lib/release_mt -Xlinker -rpath -Xlinker /opt/intel/mpi-rt/5.1/intel64/lib -lmpifort -lmpi -lmpigi -ldl -lrt -lpthread" -mGLOB_cxx_limited_range=FALSE -mCG_extend_parms=FALSE -mGLOB_compiler_bin_directory=/opt/intel/compilers_and_libraries_2016.1.150/linux/bin/intel64 -mGLOB_as_output_backup_file_name=/tmp/icczxKDFZas_.s -mGLOB_dashboard_use_source_name -mIPOPT_activate -mGLOB_product_id_code=0x22006d91 -mP3OPT_use_mspp_call_convention -mP2OPT_subs_out_of_bound=FALSE -mP2OPT_disam_type_based_disam=2 -mP2OPT_disam_assume_ansi_c -mP2OPT_checked_disam_ansi_alias=TRUE -mGLOB_ansi_alias -mPGOPTI_value_profile_use=T -mGLOB_opt_report_use_source_name -mP2OPT_il0_array_sections=TRUE -mGLOB_offload_mode=1 -mP2OPT_offload_unique_var_string=icc0101675230691new2aa -mP2OPT_hlo -mP2OPT_hpo_rtt_control=0 -mIPOPT_args_in_regs=0 -mP2OPT_disam_assume_nonstd_intent_in=FALSE -mGLOB_imf_mapping_library=/opt/intel/compilers_and_libraries_2016.1.150/linux/bin/intel64/libiml_attr.so -mPGOPTI_gen_threadsafe_level=0 -mIPOPT_link -mIPOPT_ipo_activate -mIPOPT_mo_activate -mIPOPT_source_files_list=/tmp/iccslisBsfu7T -mIPOPT_mo_global_data -mIPOPT_link_script_file=/tmp/iccscriptrwuMiB "-mIPOPT_cmdline_link="/usr/lib/gcc/x86_64-linux-gnu/5/../../../x86_64-linux-gnu/crt1.o" "/usr/lib/gcc/x86_64-linux-gnu/5/../../../x86_64-linux-gnu/crti.o" "/usr/lib/gcc/x86_64-linux-gnu/5/crtbegin.o" "-export-dynamic" "--eh-frame-hdr" "--build-id" "-dynamic-linker" "/lib64/ld-linux-x86-64.so.2" "-m" "elf_x86_64" "-L/opt/intel//compilers_and_libraries_2016.1.150/linux/mpi/intel64/lib/release_mt" "-L/opt/intel//compilers_and_libraries_2016.1.150/linux/mpi/intel64/lib" "-o" "cmTryCompileExec1187726942" "-L/opt/intel/compilers_and_libraries_2016.1.150/linux/compiler/lib/intel64_lin" "-L/usr/lib/gcc/x86_64-linux-gnu/5/" "-L/usr/lib/gcc/x86_64-linux-gnu/5/../../../x86_64-linux-gnu/" "-L/usr/lib/gcc/x86_64-linux-gnu/5/../../../../lib/" "-L/lib/x86_64-linux-gnu/" "-L/lib/../lib64" "-L/lib/../lib/" "-L/usr/lib/x86_64-linux-gnu/" "-L/usr/lib/../lib/" "-L/usr/lib/gcc/x86_64-linux-gnu/5/../../../" "-L/lib64" "-L/lib/" "-L/usr/lib" "-L/usr/lib/i386-linux-gnu" "CMakeFiles/cmTryCompileExec1187726942.dir/CMakeCCompilerABI.c.o" "--enable-new-dtags" "-rpath" "/opt/intel//compilers_and_libraries_2016.1.150/linux/mpi/intel64/lib/release_mt" "-rpath" "/opt/intel//compilers_and_libraries_2016.1.150/linux/mpi/intel64/lib" "-rpath" "/opt/intel/mpi-rt/5.1/intel64/lib/release_mt" "-rpath" "/opt/intel/mpi-rt/5.1/intel64/lib" "-lmpifort" "-lmpi" "-lmpigi" "-ldl" "-lrt" "-lpthread" "-Bdynamic" "-Bstatic" "-limf" "-lsvml" "-lirng" "-Bdynamic" "-lm" "-Bstatic" "-lipgo" "-ldecimal" "--as-needed" "-Bdynamic" "-lcilkrts" "-lstdc++" "--no-as-needed" "-lgcc" "-lgcc_s" "-Bstatic" "-lirc" "-lsvml" "-Bdynamic" "-lc" "-lgcc" "-lgcc_s" "-Bstatic" "-lirc_s" "-Bdynamic" "-ldl" "-lc" "/usr/lib/gcc/x86_64-linux-gnu/5/crtend.o" "/usr/lib/gcc/x86_64-linux-gnu/5/../../../x86_64-linux-gnu/crtn.o"" -mIPOPT_il_in_obj -mIPOPT_ipo_activate_warn=FALSE -mIPOPT_obj_output_file_name=/tmp/ipo_iccTz8K1I.o -mIPOPT_whole_archive_fixup_file_name=/tmp/iccwarch5fNNEX -mGLOB_linker_version=2.25.1 -mGLOB_long_size_64 -mGLOB_routine_pointer_size_64 -mGLOB_driver_tempfile_name=/tmp/icctempfileN6ZRRE -mP3OPT_asm_target=P3OPT_ASM_TARGET_GAS -mGLOB_async_unwind_tables=TRUE -mGLOB_obj_output_file=/tmp/ipo_iccTz8K1I.o -mGLOB_source_dialect=GLOB_SOURCE_DIALECT_NONE -mP1OPT_source_file_name=ipo_out.c CMakeFiles/cmTryCompileExec1187726942.dir/CMakeCCompilerABI.c.o -mIPOPT_object_files=T -mIPOPT_assembly_files=/tmp/iccalisRUlko7 -mIPOPT_generated_tempfiles=/tmp/iccelis53eCzO -mIPOPT_embedded_object_base_name=/tmp/icceobjD92TKv -mIPOPT_cmdline_link_new_name=/tmp/iccllisfFbcWc
ld    /usr/lib/gcc/x86_64-linux-gnu/5/../../../x86_64-linux-gnu/crt1.o /usr/lib/gcc/x86_64-linux-gnu/5/../../../x86_64-linux-gnu/crti.o /usr/lib/gcc/x86_64-linux-gnu/5/crtbegin.o -export-dynamic --eh-frame-hdr --build-id -dynamic-linker /lib64/ld-linux-x86-64.so.2 -m elf_x86_64 -L/opt/intel//compilers_and_libraries_2016.1.150/linux/mpi/intel64/lib/release_mt -L/opt/intel//compilers_and_libraries_2016.1.150/linux/mpi/intel64/lib -o cmTryCompileExec1187726942 -L/opt/intel/compilers_and_libraries_2016.1.150/linux/compiler/lib/intel64_lin -L/usr/lib/gcc/x86_64-linux-gnu/5/ -L/usr/lib/gcc/x86_64-linux-gnu/5/../../../x86_64-linux-gnu/ -L/usr/lib/gcc/x86_64-linux-gnu/5/../../../../lib/ -L/lib/x86_64-linux-gnu/ -L/lib/../lib64 -L/lib/../lib/ -L/usr/lib/x86_64-linux-gnu/ -L/usr/lib/../lib/ -L/usr/lib/gcc/x86_64-linux-gnu/5/../../../ -L/lib64 -L/lib/ -L/usr/lib -L/usr/lib/i386-linux-gnu CMakeFiles/cmTryCompileExec1187726942.dir/CMakeCCompilerABI.c.o --enable-new-dtags -rpath /opt/intel//compilers_and_libraries_2016.1.150/linux/mpi/intel64/lib/release_mt -rpath /opt/intel//compilers_and_libraries_2016.1.150/linux/mpi/intel64/lib -rpath /opt/intel/mpi-rt/5.1/intel64/lib/release_mt -rpath /opt/intel/mpi-rt/5.1/intel64/lib -lmpifort -lmpi -lmpigi -ldl -lrt -lpthread -Bdynamic -Bstatic -limf -lsvml -lirng -Bdynamic -lm -Bstatic -lipgo -ldecimal --as-needed -Bdynamic -lcilkrts -lstdc++ --no-as-needed -lgcc -lgcc_s -Bstatic -lirc -lsvml -Bdynamic -lc -lgcc -lgcc_s -Bstatic -lirc_s -Bdynamic -ldl -lc /usr/lib/gcc/x86_64-linux-gnu/5/crtend.o /usr/lib/gcc/x86_64-linux-gnu/5/../../../x86_64-linux-gnu/crtn.o
make[1]: Leaving directory '/home/xentrics/Development/cpp coding/AE/ae_smoothlife/build/CMakeFiles/CMakeTmp'


Parsed C implicit link information from above output:
  link line regex: [^( *|.*[/\])(ld|([^/\]+-)?ld|collect2)[^/\]*( |$)]
  ignore line: [Change Dir: /home/xentrics/Development/cpp coding/AE/ae_smoothlife/build/CMakeFiles/CMakeTmp]
  ignore line: []
  ignore line: [Run Build Command:"/usr/bin/make" "cmTryCompileExec1187726942/fast"]
  ignore line: [/usr/bin/make -f CMakeFiles/cmTryCompileExec1187726942.dir/build.make CMakeFiles/cmTryCompileExec1187726942.dir/build]
  ignore line: [make[1]: Entering directory '/home/xentrics/Development/cpp coding/AE/ae_smoothlife/build/CMakeFiles/CMakeTmp']
  ignore line: [/usr/bin/cmake -E cmake_progress_report "/home/xentrics/Development/cpp coding/AE/ae_smoothlife/build/CMakeFiles/CMakeTmp/CMakeFiles" 1]
  ignore line: [Building C object CMakeFiles/cmTryCompileExec1187726942.dir/CMakeCCompilerABI.c.o]
  ignore line: [/opt/intel/compilers_and_libraries/linux/mpi/bin64/mpicc    -o CMakeFiles/cmTryCompileExec1187726942.dir/CMakeCCompilerABI.c.o   -c /usr/share/cmake-3.2/Modules/CMakeCCompilerABI.c]
  ignore line: [Linking C executable cmTryCompileExec1187726942]
  ignore line: [/usr/bin/cmake -E cmake_link_script CMakeFiles/cmTryCompileExec1187726942.dir/link.txt --verbose=1]
  ignore line: [/opt/intel/compilers_and_libraries/linux/mpi/bin64/mpicc      -v CMakeFiles/cmTryCompileExec1187726942.dir/CMakeCCompilerABI.c.o  -o cmTryCompileExec1187726942 -rdynamic  ]
  ignore line: [mpiicc for the Intel(R) MPI Library 5.1.2 for Linux*]
  ignore line: [Copyright(C) 2003-2015, Intel Corporation.  All rights reserved.]
  ignore line: [icc version 16.0.1 (gcc version 5.0.0 compatibility)]
  ignore line: [/opt/intel/compilers_and_libraries_2016.1.150/linux/bin/intel64/mcpcom    -mGLOB_em64t=TRUE -mP1OPT_version=16.0-intel64 -mGLOB_diag_file=CMakeFiles/cmTryCompileExec1187726942.dir/CMakeCCompilerABI.c.diag -mP1OPT_print_version=FALSE -mCG_use_gas_got_workaround=F -mP2OPT_align_option_used=TRUE -mGLOB_gcc_version=500 "-mGLOB_options_string=-I/opt/intel//compilers_and_libraries_2016.1.150/linux/mpi/intel64/include -v -o cmTryCompileExec1187726942 -rdynamic -L/opt/intel//compilers_and_libraries_2016.1.150/linux/mpi/intel64/lib/release_mt -L/opt/intel//compilers_and_libraries_2016.1.150/linux/mpi/intel64/lib -Xlinker --enable-new-dtags -Xlinker -rpath -Xlinker /opt/intel//compilers_and_libraries_2016.1.150/linux/mpi/intel64/lib/release_mt -Xlinker -rpath -Xlinker /opt/intel//compilers_and_libraries_2016.1.150/linux/mpi/intel64/lib -Xlinker -rpath -Xlinker /opt/intel/mpi-rt/5.1/intel64/lib/release_mt -Xlinker -rpath -Xlinker /opt/intel/mpi-rt/5.1/intel64/lib -lmpifort -lmpi -lmpigi -ldl -lrt -lpthread" -mGLOB_cxx_limited_range=FALSE -mCG_extend_parms=FALSE -mGLOB_compiler_bin_directory=/opt/intel/compilers_and_libraries_2016.1.150/linux/bin/intel64 -mGLOB_as_output_backup_file_name=/tmp/icczxKDFZas_.s -mGLOB_dashboard_use_source_name -mIPOPT_activate -mGLOB_product_id_code=0x22006d91 -mP3OPT_use_mspp_call_convention -mP2OPT_subs_out_of_bound=FALSE -mP2OPT_disam_type_based_disam=2 -mP2OPT_disam_assume_ansi_c -mP2OPT_checked_disam_ansi_alias=TRUE -mGLOB_ansi_alias -mPGOPTI_value_profile_use=T -mGLOB_opt_report_use_source_name -mP2OPT_il0_array_sections=TRUE -mGLOB_offload_mode=1 -mP2OPT_offload_unique_var_string=icc0101675230691new2aa -mP2OPT_hlo -mP2OPT_hpo_rtt_control=0 -mIPOPT_args_in_regs=0 -mP2OPT_disam_assume_nonstd_intent_in=FALSE -mGLOB_imf_mapping_library=/opt/intel/compilers_and_libraries_2016.1.150/linux/bin/intel64/libiml_attr.so -mPGOPTI_gen_threadsafe_level=0 -mIPOPT_link -mIPOPT_ipo_activate -mIPOPT_mo_activate -mIPOPT_source_files_list=/tmp/iccslisBsfu7T -mIPOPT_mo_global_data -mIPOPT_link_script_file=/tmp/iccscriptrwuMiB "-mIPOPT_cmdline_link="/usr/lib/gcc/x86_64-linux-gnu/5/../../../x86_64-linux-gnu/crt1.o" "/usr/lib/gcc/x86_64-linux-gnu/5/../../../x86_64-linux-gnu/crti.o" "/usr/lib/gcc/x86_64-linux-gnu/5/crtbegin.o" "-export-dynamic" "--eh-frame-hdr" "--build-id" "-dynamic-linker" "/lib64/ld-linux-x86-64.so.2" "-m" "elf_x86_64" "-L/opt/intel//compilers_and_libraries_2016.1.150/linux/mpi/intel64/lib/release_mt" "-L/opt/intel//compilers_and_libraries_2016.1.150/linux/mpi/intel64/lib" "-o" "cmTryCompileExec1187726942" "-L/opt/intel/compilers_and_libraries_2016.1.150/linux/compiler/lib/intel64_lin" "-L/usr/lib/gcc/x86_64-linux-gnu/5/" "-L/usr/lib/gcc/x86_64-linux-gnu/5/../../../x86_64-linux-gnu/" "-L/usr/lib/gcc/x86_64-linux-gnu/5/../../../../lib/" "-L/lib/x86_64-linux-gnu/" "-L/lib/../lib64" "-L/lib/../lib/" "-L/usr/lib/x86_64-linux-gnu/" "-L/usr/lib/../lib/" "-L/usr/lib/gcc/x86_64-linux-gnu/5/../../../" "-L/lib64" "-L/lib/" "-L/usr/lib" "-L/usr/lib/i386-linux-gnu" "CMakeFiles/cmTryCompileExec1187726942.dir/CMakeCCompilerABI.c.o" "--enable-new-dtags" "-rpath" "/opt/intel//compilers_and_libraries_2016.1.150/linux/mpi/intel64/lib/release_mt" "-rpath" "/opt/intel//compilers_and_libraries_2016.1.150/linux/mpi/intel64/lib" "-rpath" "/opt/intel/mpi-rt/5.1/intel64/lib/release_mt" "-rpath" "/opt/intel/mpi-rt/5.1/intel64/lib" "-lmpifort" "-lmpi" "-lmpigi" "-ldl" "-lrt" "-lpthread" "-Bdynamic" "-Bstatic" "-limf" "-lsvml" "-lirng" "-Bdynamic" "-lm" "-Bstatic" "-lipgo" "-ldecimal" "--as-needed" "-Bdynamic" "-lcilkrts" "-lstdc++" "--no-as-needed" "-lgcc" "-lgcc_s" "-Bstatic" "-lirc" "-lsvml" "-Bdynamic" "-lc" "-lgcc" "-lgcc_s" "-Bstatic" "-lirc_s" "-Bdynamic" "-ldl" "-lc" "/usr/lib/gcc/x86_64-linux-gnu/5/crtend.o" "/usr/lib/gcc/x86_64-linux-gnu/5/../../../x86_64-linux-gnu/crtn.o"" -mIPOPT_il_in_obj -mIPOPT_ipo_activate_warn=FALSE -mIPOPT_obj_output_file_name=/tmp/ipo_iccTz8K1I.o -mIPOPT_whole_archive_fixup_file_name=/tmp/iccwarch5fNNEX -mGLOB_linker_version=2.25.1 -mGLOB_long_size_64 -mGLOB_routine_pointer_size_64 -mGLOB_driver_tempfile_name=/tmp/icctempfileN6ZRRE -mP3OPT_asm_target=P3OPT_ASM_TARGET_GAS -mGLOB_async_unwind_tables=TRUE -mGLOB_obj_output_file=/tmp/ipo_iccTz8K1I.o -mGLOB_source_dialect=GLOB_SOURCE_DIALECT_NONE -mP1OPT_source_file_name=ipo_out.c CMakeFiles/cmTryCompileExec1187726942.dir/CMakeCCompilerABI.c.o -mIPOPT_object_files=T -mIPOPT_assembly_files=/tmp/iccalisRUlko7 -mIPOPT_generated_tempfiles=/tmp/iccelis53eCzO -mIPOPT_embedded_object_base_name=/tmp/icceobjD92TKv -mIPOPT_cmdline_link_new_name=/tmp/iccllisfFbcWc]
  link line: [ld    /usr/lib/gcc/x86_64-linux-gnu/5/../../../x86_64-linux-gnu/crt1.o /usr/lib/gcc/x86_64-linux-gnu/5/../../../x86_64-linux-gnu/crti.o /usr/lib/gcc/x86_64-linux-gnu/5/crtbegin.o -export-dynamic --eh-frame-hdr --build-id -dynamic-linker /lib64/ld-linux-x86-64.so.2 -m elf_x86_64 -L/opt/intel//compilers_and_libraries_2016.1.150/linux/mpi/intel64/lib/release_mt -L/opt/intel//compilers_and_libraries_2016.1.150/linux/mpi/intel64/lib -o cmTryCompileExec1187726942 -L/opt/intel/compilers_and_libraries_2016.1.150/linux/compiler/lib/intel64_lin -L/usr/lib/gcc/x86_64-linux-gnu/5/ -L/usr/lib/gcc/x86_64-linux-gnu/5/../../../x86_64-linux-gnu/ -L/usr/lib/gcc/x86_64-linux-gnu/5/../../../../lib/ -L/lib/x86_64-linux-gnu/ -L/lib/../lib64 -L/lib/../lib/ -L/usr/lib/x86_64-linux-gnu/ -L/usr/lib/../lib/ -L/usr/lib/gcc/x86_64-linux-gnu/5/../../../ -L/lib64 -L/lib/ -L/usr/lib -L/usr/lib/i386-linux-gnu CMakeFiles/cmTryCompileExec1187726942.dir/CMakeCCompilerABI.c.o --enable-new-dtags -rpath /opt/intel//compilers_and_libraries_2016.1.150/linux/mpi/intel64/lib/release_mt -rpath /opt/intel//compilers_and_libraries_2016.1.150/linux/mpi/intel64/lib -rpath /opt/intel/mpi-rt/5.1/intel64/lib/release_mt -rpath /opt/intel/mpi-rt/5.1/intel64/lib -lmpifort -lmpi -lmpigi -ldl -lrt -lpthread -Bdynamic -Bstatic -limf -lsvml -lirng -Bdynamic -lm -Bstatic -lipgo -ldecimal --as-needed -Bdynamic -lcilkrts -lstdc++ --no-as-needed -lgcc -lgcc_s -Bstatic -lirc -lsvml -Bdynamic -lc -lgcc -lgcc_s -Bstatic -lirc_s -Bdynamic -ldl -lc /usr/lib/gcc/x86_64-linux-gnu/5/crtend.o /usr/lib/gcc/x86_64-linux-gnu/5/../../../x86_64-linux-gnu/crtn.o]
    arg [ld] ==> ignore
    arg [/usr/lib/gcc/x86_64-linux-gnu/5/../../../x86_64-linux-gnu/crt1.o] ==> ignore
    arg [/usr/lib/gcc/x86_64-linux-gnu/5/../../../x86_64-linux-gnu/crti.o] ==> ignore
    arg [/usr/lib/gcc/x86_64-linux-gnu/5/crtbegin.o] ==> ignore
    arg [-export-dynamic] ==> ignore
    arg [--eh-frame-hdr] ==> ignore
    arg [--build-id] ==> ignore
    arg [-dynamic-linker] ==> ignore
    arg [/lib64/ld-linux-x86-64.so.2] ==> ignore
    arg [-m] ==> ignore
    arg [elf_x86_64] ==> ignore
    arg [-L/opt/intel//compilers_and_libraries_2016.1.150/linux/mpi/intel64/lib/release_mt] ==> dir [/opt/intel//compilers_and_libraries_2016.1.150/linux/mpi/intel64/lib/release_mt]
    arg [-L/opt/intel//compilers_and_libraries_2016.1.150/linux/mpi/intel64/lib] ==> dir [/opt/intel//compilers_and_libraries_2016.1.150/linux/mpi/intel64/lib]
    arg [-o] ==> ignore
    arg [cmTryCompileExec1187726942] ==> ignore
    arg [-L/opt/intel/compilers_and_libraries_2016.1.150/linux/compiler/lib/intel64_lin] ==> dir [/opt/intel/compilers_and_libraries_2016.1.150/linux/compiler/lib/intel64_lin]
    arg [-L/usr/lib/gcc/x86_64-linux-gnu/5/] ==> dir [/usr/lib/gcc/x86_64-linux-gnu/5/]
    arg [-L/usr/lib/gcc/x86_64-linux-gnu/5/../../../x86_64-linux-gnu/] ==> dir [/usr/lib/gcc/x86_64-linux-gnu/5/../../../x86_64-linux-gnu/]
    arg [-L/usr/lib/gcc/x86_64-linux-gnu/5/../../../../lib/] ==> dir [/usr/lib/gcc/x86_64-linux-gnu/5/../../../../lib/]
    arg [-L/lib/x86_64-linux-gnu/] ==> dir [/lib/x86_64-linux-gnu/]
    arg [-L/lib/../lib64] ==> dir [/lib/../lib64]
    arg [-L/lib/../lib/] ==> dir [/lib/../lib/]
    arg [-L/usr/lib/x86_64-linux-gnu/] ==> dir [/usr/lib/x86_64-linux-gnu/]
    arg [-L/usr/lib/../lib/] ==> dir [/usr/lib/../lib/]
    arg [-L/usr/lib/gcc/x86_64-linux-gnu/5/../../../] ==> dir [/usr/lib/gcc/x86_64-linux-gnu/5/../../../]
    arg [-L/lib64] ==> dir [/lib64]
    arg [-L/lib/] ==> dir [/lib/]
    arg [-L/usr/lib] ==> dir [/usr/lib]
    arg [-L/usr/lib/i386-linux-gnu] ==> dir [/usr/lib/i386-linux-gnu]
    arg [CMakeFiles/cmTryCompileExec1187726942.dir/CMakeCCompilerABI.c.o] ==> ignore
    arg [--enable-new-dtags] ==> ignore
    arg [-rpath] ==> ignore
    arg [/opt/intel//compilers_and_libraries_2016.1.150/linux/mpi/intel64/lib/release_mt] ==> ignore
    arg [-rpath] ==> ignore
    arg [/opt/intel//compilers_and_libraries_2016.1.150/linux/mpi/intel64/lib] ==> ignore
    arg [-rpath] ==> ignore
    arg [/opt/intel/mpi-rt/5.1/intel64/lib/release_mt] ==> ignore
    arg [-rpath] ==> ignore
    arg [/opt/intel/mpi-rt/5.1/intel64/lib] ==> ignore
    arg [-lmpifort] ==> lib [mpifort]
    arg [-lmpi] ==> lib [mpi]
    arg [-lmpigi] ==> lib [mpigi]
    arg [-ldl] ==> lib [dl]
    arg [-lrt] ==> lib [rt]
    arg [-lpthread] ==> lib [pthread]
    arg [-Bdynamic] ==> ignore
    arg [-Bstatic] ==> ignore
    arg [-limf] ==> lib [imf]
    arg [-lsvml] ==> lib [svml]
    arg [-lirng] ==> lib [irng]
    arg [-Bdynamic] ==> ignore
    arg [-lm] ==> lib [m]
    arg [-Bstatic] ==> ignore
    arg [-lipgo] ==> lib [ipgo]
    arg [-ldecimal] ==> lib [decimal]
    arg [--as-needed] ==> ignore
    arg [-Bdynamic] ==> ignore
    arg [-lcilkrts] ==> lib [cilkrts]
    arg [-lstdc++] ==> lib [stdc++]
    arg [--no-as-needed] ==> ignore
    arg [-lgcc] ==> lib [gcc]
    arg [-lgcc_s] ==> lib [gcc_s]
    arg [-Bstatic] ==> ignore
    arg [-lirc] ==> lib [irc]
    arg [-lsvml] ==> lib [svml]
    arg [-Bdynamic] ==> ignore
    arg [-lc] ==> lib [c]
    arg [-lgcc] ==> lib [gcc]
    arg [-lgcc_s] ==> lib [gcc_s]
    arg [-Bstatic] ==> ignore
    arg [-lirc_s] ==> lib [irc_s]
    arg [-Bdynamic] ==> ignore
    arg [-ldl] ==> lib [dl]
    arg [-lc] ==> lib [c]
    arg [/usr/lib/gcc/x86_64-linux-gnu/5/crtend.o] ==> ignore
    arg [/usr/lib/gcc/x86_64-linux-gnu/5/../../../x86_64-linux-gnu/crtn.o] ==> ignore
  remove lib [gcc]
  remove lib [gcc_s]
  remove lib [gcc]
  remove lib [gcc_s]
  collapse library dir [/opt/intel//compilers_and_libraries_2016.1.150/linux/mpi/intel64/lib/release_mt] ==> [/opt/intel/compilers_and_libraries_2016.1.150/linux/mpi/intel64/lib/release_mt]
  collapse library dir [/opt/intel//compilers_and_libraries_2016.1.150/linux/mpi/intel64/lib] ==> [/opt/intel/compilers_and_libraries_2016.1.150/linux/mpi/intel64/lib]
  collapse library dir [/opt/intel/compilers_and_libraries_2016.1.150/linux/compiler/lib/intel64_lin] ==> [/opt/intel/compilers_and_libraries_2016.1.150/linux/compiler/lib/intel64_lin]
  collapse library dir [/usr/lib/gcc/x86_64-linux-gnu/5/] ==> [/usr/lib/gcc/x86_64-linux-gnu/5]
  collapse library dir [/usr/lib/gcc/x86_64-linux-gnu/5/../../../x86_64-linux-gnu/] ==> [/usr/lib/x86_64-linux-gnu]
  collapse library dir [/usr/lib/gcc/x86_64-linux-gnu/5/../../../../lib/] ==> [/usr/lib]
  collapse library dir [/lib/x86_64-linux-gnu/] ==> [/lib/x86_64-linux-gnu]
  collapse library dir [/lib/../lib64] ==> [/lib64]
  collapse library dir [/lib/../lib/] ==> [/lib]
  collapse library dir [/usr/lib/x86_64-linux-gnu/] ==> [/usr/lib/x86_64-linux-gnu]
  collapse library dir [/usr/lib/../lib/] ==> [/usr/lib]
  collapse library dir [/usr/lib/gcc/x86_64-linux-gnu/5/../../../] ==> [/usr/lib]
  collapse library dir [/lib64] ==> [/lib64]
  collapse library dir [/lib/] ==> [/lib]
  collapse library dir [/usr/lib] ==> [/usr/lib]
  collapse library dir [/usr/lib/i386-linux-gnu] ==> [/usr/lib/i386-linux-gnu]
  implicit libs: [mpifort;mpi;mpigi;dl;rt;pthread;imf;svml;irng;m;ipgo;decimal;cilkrts;stdc++;irc;svml;c;irc_s;dl;c]
  implicit dirs: [/opt/intel/compilers_and_libraries_2016.1.150/linux/mpi/intel64/lib/release_mt;/opt/intel/compilers_and_libraries_2016.1.150/linux/mpi/intel64/lib;/opt/intel/compilers_and_libraries_2016.1.150/linux/compiler/lib/intel64_lin;/usr/lib/gcc/x86_64-linux-gnu/5;/usr/lib/x86_64-linux-gnu;/usr/lib;/lib/x86_64-linux-gnu;/lib64;/lib;/usr/lib/i386-linux-gnu]
  implicit fwks: []


Determining if the CXX compiler works passed with the following output:
Change Dir: /home/xentrics/Development/cpp coding/AE/ae_smoothlife/build/CMakeFiles/CMakeTmp

Run Build Command:"/usr/bin/make" "cmTryCompileExec2744697809/fast"
/usr/bin/make -f CMakeFiles/cmTryCompileExec2744697809.dir/build.make CMakeFiles/cmTryCompileExec2744697809.dir/build
make[1]: Entering directory '/home/xentrics/Development/cpp coding/AE/ae_smoothlife/build/CMakeFiles/CMakeTmp'
/usr/bin/cmake -E cmake_progress_report "/home/xentrics/Development/cpp coding/AE/ae_smoothlife/build/CMakeFiles/CMakeTmp/CMakeFiles" 1
Building CXX object CMakeFiles/cmTryCompileExec2744697809.dir/testCXXCompiler.cxx.o
/opt/intel/compilers_and_libraries/linux/mpi/bin64/mpicxx     -o CMakeFiles/cmTryCompileExec2744697809.dir/testCXXCompiler.cxx.o -c "/home/xentrics/Development/cpp coding/AE/ae_smoothlife/build/CMakeFiles/CMakeTmp/testCXXCompiler.cxx"
Linking CXX executable cmTryCompileExec2744697809
/usr/bin/cmake -E cmake_link_script CMakeFiles/cmTryCompileExec2744697809.dir/link.txt --verbose=1
/opt/intel/compilers_and_libraries/linux/mpi/bin64/mpicxx        CMakeFiles/cmTryCompileExec2744697809.dir/testCXXCompiler.cxx.o  -o cmTryCompileExec2744697809 -rdynamic 
make[1]: Leaving directory '/home/xentrics/Development/cpp coding/AE/ae_smoothlife/build/CMakeFiles/CMakeTmp'


Detecting CXX compiler ABI info compiled with the following output:
Change Dir: /home/xentrics/Development/cpp coding/AE/ae_smoothlife/build/CMakeFiles/CMakeTmp

Run Build Command:"/usr/bin/make" "cmTryCompileExec4121575128/fast"
/usr/bin/make -f CMakeFiles/cmTryCompileExec4121575128.dir/build.make CMakeFiles/cmTryCompileExec4121575128.dir/build
make[1]: Entering directory '/home/xentrics/Development/cpp coding/AE/ae_smoothlife/build/CMakeFiles/CMakeTmp'
/usr/bin/cmake -E cmake_progress_report "/home/xentrics/Development/cpp coding/AE/ae_smoothlife/build/CMakeFiles/CMakeTmp/CMakeFiles" 1
Building CXX object CMakeFiles/cmTryCompileExec4121575128.dir/CMakeCXXCompilerABI.cpp.o
/opt/intel/compilers_and_libraries/linux/mpi/bin64/mpicxx     -o CMakeFiles/cmTryCompileExec4121575128.dir/CMakeCXXCompilerABI.cpp.o -c /usr/share/cmake-3.2/Modules/CMakeCXXCompilerABI.cpp
Linking CXX executable cmTryCompileExec4121575128
/usr/bin/cmake -E cmake_link_script CMakeFiles/cmTryCompileExec4121575128.dir/link.txt --verbose=1
/opt/intel/compilers_and_libraries/linux/mpi/bin64/mpicxx       -v CMakeFiles/cmTryCompileExec4121575128.dir/CMakeCXXCompilerABI.cpp.o  -o cmTryCompileExec4121575128 -rdynamic  
mpiicpc for the Intel(R) MPI Library 5.1.2 for Linux*
Copyright(C) 2003-2015, Intel Corporation.  All rights reserved.
icpc version 16.0.1 (gcc version 5.0.0 compatibility)
/opt/intel/compilers_and_libraries_2016.1.150/linux/bin/intel64/mcpcom    -mGLOB_em64t=TRUE -mP1OPT_version=16.0-intel64 -mGLOB_diag_file=CMakeFiles/cmTryCompileExec4121575128.dir/CMakeCXXCompilerABI.cpp.diag -mP1OPT_print_version=FALSE -mCG_use_gas_got_workaround=F -mP2OPT_align_option_used=TRUE -mGLOB_gcc_version=500 "-mGLOB_options_string=-I/opt/intel//compilers_and_libraries_2016.1.150/linux/mpi/intel64/include -v -o cmTryCompileExec4121575128 -rdynamic -L/opt/intel//compilers_and_libraries_2016.1.150/linux/mpi/intel64/lib/release_mt -L/opt/intel//compilers_and_libraries_2016.1.150/linux/mpi/intel64/lib -Xlinker --enable-new-dtags -Xlinker -rpath -Xlinker /opt/intel//compilers_and_libraries_2016.1.150/linux/mpi/intel64/lib/release_mt -Xlinker -rpath -Xlinker /opt/intel//compilers_and_libraries_2016.1.150/linux/mpi/intel64/lib -Xlinker -rpath -Xlinker /opt/intel/mpi-rt/5.1/intel64/lib/release_mt -Xlinker -rpath -Xlinker /opt/intel/mpi-rt/5.1/intel64/lib -lmpicxx -lmpifort -lmpi -lmpigi -ldl -lrt -lpthread" -mGLOB_cxx_limited_range=FALSE -mCG_extend_parms=FALSE -mGLOB_compiler_bin_directory=/opt/intel/compilers_and_libraries_2016.1.150/linux/bin/intel64 -mGLOB_as_output_backup_file_name=/tmp/icpclSJoWhas_.s -mGLOB_dashboard_use_source_name -mIPOPT_activate -mGLOB_product_id_code=0x22006d8e -mP3OPT_use_mspp_call_convention -mP2OPT_subs_out_of_bound=FALSE -mP2OPT_disam_type_based_disam=2 -mP2OPT_disam_assume_ansi_c -mP2OPT_checked_disam_ansi_alias=TRUE -mGLOB_ansi_alias -mPGOPTI_value_profile_use=T -mGLOB_opt_report_use_source_name -mP2OPT_il0_array_sections=TRUE -mGLOB_offload_mode=1 -mP2OPT_offload_unique_var_string=icpc0103255020276GxJuC -mP2OPT_hlo -mP2OPT_hpo_rtt_control=0 -mIPOPT_args_in_regs=0 -mP2OPT_disam_assume_nonstd_intent_in=FALSE -mGLOB_imf_mapping_library=/opt/intel/compilers_and_libraries_2016.1.150/linux/bin/intel64/libiml_attr.so -mPGOPTI_gen_threadsafe_level=0 -mIPOPT_link -mIPOPT_ipo_activate -mIPOPT_mo_activate -mIPOPT_source_files_list=/tmp/icpcslis8gfFt9 -mIPOPT_mo_global_data -mIPOPT_link_script_file=/tmp/icpcscripthgW9CR "-mIPOPT_cmdline_link="/usr/lib/gcc/x86_64-linux-gnu/5/../../../x86_64-linux-gnu/crt1.o" "/usr/lib/gcc/x86_64-linux-gnu/5/../../../x86_64-linux-gnu/crti.o" "/usr/lib/gcc/x86_64-linux-gnu/5/crtbegin.o" "-export-dynamic" "--eh-frame-hdr" "--build-id" "-dynamic-linker" "/lib64/ld-linux-x86-64.so.2" "-m" "elf_x86_64" "-L/opt/intel//compilers_and_libraries_2016.1.150/linux/mpi/intel64/lib/release_mt" "-L/opt/intel//compilers_and_libraries_2016.1.150/linux/mpi/intel64/lib" "-o" "cmTryCompileExec4121575128" "-L/opt/intel/compilers_and_libraries_2016.1.150/linux/compiler/lib/intel64_lin" "-L/usr/lib/gcc/x86_64-linux-gnu/5/" "-L/usr/lib/gcc/x86_64-linux-gnu/5/../../../x86_64-linux-gnu/" "-L/usr/lib/gcc/x86_64-linux-gnu/5/../../../../lib/" "-L/lib/x86_64-linux-gnu/" "-L/lib/../lib64" "-L/lib/../lib/" "-L/usr/lib/x86_64-linux-gnu/" "-L/usr/lib/../lib/" "-L/usr/lib/gcc/x86_64-linux-gnu/5/../../../" "-L/lib64" "-L/lib/" "-L/usr/lib" "-L/usr/lib/i386-linux-gnu" "CMakeFiles/cmTryCompileExec4121575128.dir/CMakeCXXCompilerABI.cpp.o" "--enable-new-dtags" "-rpath" "/opt/intel//compilers_and_libraries_2016.1.150/linux/mpi/intel64/lib/release_mt" "-rpath" "/opt/intel//compilers_and_libraries_2016.1.150/linux/mpi/intel64/lib" "-rpath" "/opt/intel/mpi-rt/5.1/intel64/lib/release_mt" "-rpath" "/opt/intel/mpi-rt/5.1/intel64/lib" "-lmpicxx" "-lmpifort" "-lmpi" "-lmpigi" "-ldl" "-lrt" "-lpthread" "-Bdynamic" "-Bstatic" "-limf" "-lsvml" "-lirng" "-Bdynamic" "-lm" "-Bstatic" "-lipgo" "-ldecimal" "--as-needed" "-Bdynamic" "-lcilkrts" "--no-as-needed" "-lstdc++" "-lgcc" "-lgcc_s" "-Bstatic" "-lirc" "-lsvml" "-Bdynamic" "-lc" "-lgcc" "-lgcc_s" "-Bstatic" "-lirc_s" "-Bdynamic" "-ldl" "-lc" "/usr/lib/gcc/x86_64-linux-gnu/5/crtend.o" "/usr/lib/gcc/x86_64-linux-gnu/5/../../../x86_64-linux-gnu/crtn.o"" -mIPOPT_il_in_obj -mIPOPT_ipo_activate_warn=FALSE -mIPOPT_obj_output_file_name=/tmp/ipo_icpcuiqIyS.o -mIPOPT_whole_archive_fixup_file_name=/tmp/icpcwarch9nAKCp -mGLOB_linker_version=2.25.1 -mGLOB_long_size_64 -mGLOB_routine_pointer_size_64 -mGLOB_driver_tempfile_name=/tmp/icpctempfile8uaSN7 -mP3OPT_asm_target=P3OPT_ASM_TARGET_GAS -mGLOB_async_unwind_tables=TRUE -mGLOB_obj_output_file=/tmp/ipo_icpcuiqIyS.o -mGLOB_source_dialect=GLOB_SOURCE_DIALECT_NONE -mP1OPT_source_file_name=ipo_out.c CMakeFiles/cmTryCompileExec4121575128.dir/CMakeCXXCompilerABI.cpp.o -mIPOPT_object_files=T -mIPOPT_assembly_files=/tmp/icpcalisyL3GRi -mIPOPT_generated_tempfiles=/tmp/icpcelisBfwb10 -mIPOPT_embedded_object_base_name=/tmp/icpceobjsVTFaJ -mIPOPT_cmdline_link_new_name=/tmp/icpcllisFstakr
ld    /usr/lib/gcc/x86_64-linux-gnu/5/../../../x86_64-linux-gnu/crt1.o /usr/lib/gcc/x86_64-linux-gnu/5/../../../x86_64-linux-gnu/crti.o /usr/lib/gcc/x86_64-linux-gnu/5/crtbegin.o -export-dynamic --eh-frame-hdr --build-id -dynamic-linker /lib64/ld-linux-x86-64.so.2 -m elf_x86_64 -L/opt/intel//compilers_and_libraries_2016.1.150/linux/mpi/intel64/lib/release_mt -L/opt/intel//compilers_and_libraries_2016.1.150/linux/mpi/intel64/lib -o cmTryCompileExec4121575128 -L/opt/intel/compilers_and_libraries_2016.1.150/linux/compiler/lib/intel64_lin -L/usr/lib/gcc/x86_64-linux-gnu/5/ -L/usr/lib/gcc/x86_64-linux-gnu/5/../../../x86_64-linux-gnu/ -L/usr/lib/gcc/x86_64-linux-gnu/5/../../../../lib/ -L/lib/x86_64-linux-gnu/ -L/lib/../lib64 -L/lib/../lib/ -L/usr/lib/x86_64-linux-gnu/ -L/usr/lib/../lib/ -L/usr/lib/gcc/x86_64-linux-gnu/5/../../../ -L/lib64 -L/lib/ -L/usr/lib -L/usr/lib/i386-linux-gnu CMakeFiles/cmTryCompileExec4121575128.dir/CMakeCXXCompilerABI.cpp.o --enable-new-dtags -rpath /opt/intel//compilers_and_libraries_2016.1.150/linux/mpi/intel64/lib/release_mt -rpath /opt/intel//compilers_and_libraries_2016.1.150/linux/mpi/intel64/lib -rpath /opt/intel/mpi-rt/5.1/intel64/lib/release_mt -rpath /opt/intel/mpi-rt/5.1/intel64/lib -lmpicxx -lmpifort -lmpi -lmpigi -ldl -lrt -lpthread -Bdynamic -Bstatic -limf -lsvml -lirng -Bdynamic -lm -Bstatic -lipgo -ldecimal --as-needed -Bdynamic -lcilkrts --no-as-needed -lstdc++ -lgcc -lgcc_s -Bstatic -lirc -lsvml -Bdynamic -lc -lgcc -lgcc_s -Bstatic -lirc_s -Bdynamic -ldl -lc /usr/lib/gcc/x86_64-linux-gnu/5/crtend.o /usr/lib/gcc/x86_64-linux-gnu/5/../../../x86_64-linux-gnu/crtn.o
make[1]: Leaving directory '/home/xentrics/Development/cpp coding/AE/ae_smoothlife/build/CMakeFiles/CMakeTmp'


Parsed CXX implicit link information from above output:
  link line regex: [^( *|.*[/\])(ld|([^/\]+-)?ld|collect2)[^/\]*( |$)]
  ignore line: [Change Dir: /home/xentrics/Development/cpp coding/AE/ae_smoothlife/build/CMakeFiles/CMakeTmp]
  ignore line: []
  ignore line: [Run Build Command:"/usr/bin/make" "cmTryCompileExec4121575128/fast"]
  ignore line: [/usr/bin/make -f CMakeFiles/cmTryCompileExec4121575128.dir/build.make CMakeFiles/cmTryCompileExec4121575128.dir/build]
  ignore line: [make[1]: Entering directory '/home/xentrics/Development/cpp coding/AE/ae_smoothlife/build/CMakeFiles/CMakeTmp']
  ignore line: [/usr/bin/cmake -E cmake_progress_report "/home/xentrics/Development/cpp coding/AE/ae_smoothlife/build/CMakeFiles/CMakeTmp/CMakeFiles" 1]
  ignore line: [Building CXX object CMakeFiles/cmTryCompileExec4121575128.dir/CMakeCXXCompilerABI.cpp.o]
  ignore line: [/opt/intel/compilers_and_libraries/linux/mpi/bin64/mpicxx     -o CMakeFiles/cmTryCompileExec4121575128.dir/CMakeCXXCompilerABI.cpp.o -c /usr/share/cmake-3.2/Modules/CMakeCXXCompilerABI.cpp]
  ignore line: [Linking CXX executable cmTryCompileExec4121575128]
  ignore line: [/usr/bin/cmake -E cmake_link_script CMakeFiles/cmTryCompileExec4121575128.dir/link.txt --verbose=1]
  ignore line: [/opt/intel/compilers_and_libraries/linux/mpi/bin64/mpicxx       -v CMakeFiles/cmTryCompileExec4121575128.dir/CMakeCXXCompilerABI.cpp.o  -o cmTryCompileExec4121575128 -rdynamic  ]
  ignore line: [mpiicpc for the Intel(R) MPI Library 5.1.2 for Linux*]
  ignore line: [Copyright(C) 2003-2015, Intel Corporation.  All rights reserved.]
  ignore line: [icpc version 16.0.1 (gcc version 5.0.0 compatibility)]
  ignore line: [/opt/intel/compilers_and_libraries_2016.1.150/linux/bin/intel64/mcpcom    -mGLOB_em64t=TRUE -mP1OPT_version=16.0-intel64 -mGLOB_diag_file=CMakeFiles/cmTryCompileExec4121575128.dir/CMakeCXXCompilerABI.cpp.diag -mP1OPT_print_version=FALSE -mCG_use_gas_got_workaround=F -mP2OPT_align_option_used=TRUE -mGLOB_gcc_version=500 "-mGLOB_options_string=-I/opt/intel//compilers_and_libraries_2016.1.150/linux/mpi/intel64/include -v -o cmTryCompileExec4121575128 -rdynamic -L/opt/intel//compilers_and_libraries_2016.1.150/linux/mpi/intel64/lib/release_mt -L/opt/intel//compilers_and_libraries_2016.1.150/linux/mpi/intel64/lib -Xlinker --enable-new-dtags -Xlinker -rpath -Xlinker /opt/intel//compilers_and_libraries_2016.1.150/linux/mpi/intel64/lib/release_mt -Xlinker -rpath -Xlinker /opt/intel//compilers_and_libraries_2016.1.150/linux/mpi/intel64/lib -Xlinker -rpath -Xlinker /opt/intel/mpi-rt/5.1/intel64/lib/release_mt -Xlinker -rpath -Xlinker /opt/intel/mpi-rt/5.1/intel64/lib -lmpicxx -lmpifort -lmpi -lmpigi -ldl -lrt -lpthread" -mGLOB_cxx_limited_range=FALSE -mCG_extend_parms=FALSE -mGLOB_compiler_bin_directory=/opt/intel/compilers_and_libraries_2016.1.150/linux/bin/intel64 -mGLOB_as_output_backup_file_name=/tmp/icpclSJoWhas_.s -mGLOB_dashboard_use_source_name -mIPOPT_activate -mGLOB_product_id_code=0x22006d8e -mP3OPT_use_mspp_call_convention -mP2OPT_subs_out_of_bound=FALSE -mP2OPT_disam_type_based_disam=2 -mP2OPT_disam_assume_ansi_c -mP2OPT_checked_disam_ansi_alias=TRUE -mGLOB_ansi_alias -mPGOPTI_value_profile_use=T -mGLOB_opt_report_use_source_name -mP2OPT_il0_array_sections=TRUE -mGLOB_offload_mode=1 -mP2OPT_offload_unique_var_string=icpc0103255020276GxJuC -mP2OPT_hlo -mP2OPT_hpo_rtt_control=0 -mIPOPT_args_in_regs=0 -mP2OPT_disam_assume_nonstd_intent_in=FALSE -mGLOB_imf_mapping_library=/opt/intel/compilers_and_libraries_2016.1.150/linux/bin/intel64/libiml_attr.so -mPGOPTI_gen_threadsafe_level=0 -mIPOPT_link -mIPOPT_ipo_activate -mIPOPT_mo_activate -mIPOPT_source_files_list=/tmp/icpcslis8gfFt9 -mIPOPT_mo_global_data -mIPOPT_link_script_file=/tmp/icpcscripthgW9CR "-mIPOPT_cmdline_link="/usr/lib/gcc/x86_64-linux-gnu/5/../../../x86_64-linux-gnu/crt1.o" "/usr/lib/gcc/x86_64-linux-gnu/5/../../../x86_64-linux-gnu/crti.o" "/usr/lib/gcc/x86_64-linux-gnu/5/crtbegin.o" "-export-dynamic" "--eh-frame-hdr" "--build-id" "-dynamic-linker" "/lib64/ld-linux-x86-64.so.2" "-m" "elf_x86_64" "-L/opt/intel//compilers_and_libraries_2016.1.150/linux/mpi/intel64/lib/release_mt" "-L/opt/intel//compilers_and_libraries_2016.1.150/linux/mpi/intel64/lib" "-o" "cmTryCompileExec4121575128" "-L/opt/intel/compilers_and_libraries_2016.1.150/linux/compiler/lib/intel64_lin" "-L/usr/lib/gcc/x86_64-linux-gnu/5/" "-L/usr/lib/gcc/x86_64-linux-gnu/5/../../../x86_64-linux-gnu/" "-L/usr/lib/gcc/x86_64-linux-gnu/5/../../../../lib/" "-L/lib/x86_64-linux-gnu/" "-L/lib/../lib64" "-L/lib/../lib/" "-L/usr/lib/x86_64-linux-gnu/" "-L/usr/lib/../lib/" "-L/usr/lib/gcc/x86_64-linux-gnu/5/../../../" "-L/lib64" "-L/lib/" "-L/usr/lib" "-L/usr/lib/i386-linux-gnu" "CMakeFiles/cmTryCompileExec4121575128.dir/CMakeCXXCompilerABI.cpp.o" "--enable-new-dtags" "-rpath" "/opt/intel//compilers_and_libraries_2016.1.150/linux/mpi/intel64/lib/release_mt" "-rpath" "/opt/intel//compilers_and_libraries_2016.1.150/linux/mpi/intel64/lib" "-rpath" "/opt/intel/mpi-rt/5.1/intel64/lib/release_mt" "-rpath" "/opt/intel/mpi-rt/5.1/intel64/lib" "-lmpicxx" "-lmpifort" "-lmpi" "-lmpigi" "-ldl" "-lrt" "-lpthread" "-Bdynamic" "-Bstatic" "-limf" "-lsvml" "-lirng" "-Bdynamic" "-lm" "-Bstatic" "-lipgo" "-ldecimal" "--as-needed" "-Bdynamic" "-lcilkrts" "--no-as-needed" "-lstdc++" "-lgcc" "-lgcc_s" "-Bstatic" "-lirc" "-lsvml" "-Bdynamic" "-lc" "-lgcc" "-lgcc_s" "-Bstatic" "-lirc_s" "-Bdynamic" "-ldl" "-lc" "/usr/lib/gcc/x86_64-linux-gnu/5/crtend.o" "/usr/lib/gcc/x86_64-linux-gnu/5/../../../x86_64-linux-gnu/crtn.o"" -mIPOPT_il_in_obj -mIPOPT_ipo_activate_warn=FALSE -mIPOPT_obj_output_file_name=/tmp/ipo_icpcuiqIyS.o -mIPOPT_whole_archive_fixup_file_name=/tmp/icpcwarch9nAKCp -mGLOB_linker_version=2.25.1 -mGLOB_long_size_64 -mGLOB_routine_pointer_size_64 -mGLOB_driver_tempfile_name=/tmp/icpctempfile8uaSN7 -mP3OPT_asm_target=P3OPT_ASM_TARGET_GAS -mGLOB_async_unwind_tables=TRUE -mGLOB_obj_output_file=/tmp/ipo_icpcuiqIyS.o -mGLOB_source_dialect=GLOB_SOURCE_DIALECT_NONE -mP1OPT_source_file_name=ipo_out.c CMakeFiles/cmTryCompileExec4121575128.dir/CMakeCXXCompilerABI.cpp.o -mIPOPT_object_files=T -mIPOPT_assembly_files=/tmp/icpcalisyL3GRi -mIPOPT_generated_tempfiles=/tmp/icpcelisBfwb10 -mIPOPT_embedded_object_base_name=/tmp/icpceobjsVTFaJ -mIPOPT_cmdline_link_new_name=/tmp/icpcllisFstakr]
  link line: [ld    /usr/lib/gcc/x86_64-linux-gnu/5/../../../x86_64-linux-gnu/crt1.o /usr/lib/gcc/x86_64-linux-gnu/5/../../../x86_64-linux-gnu/crti.o /usr/lib/gcc/x86_64-linux-gnu/5/crtbegin.o -export-dynamic --eh-frame-hdr --build-id -dynamic-linker /lib64/ld-linux-x86-64.so.2 -m elf_x86_64 -L/opt/intel//compilers_and_libraries_2016.1.150/linux/mpi/intel64/lib/release_mt -L/opt/intel//compilers_and_libraries_2016.1.150/linux/mpi/intel64/lib -o cmTryCompileExec4121575128 -L/opt/intel/compilers_and_libraries_2016.1.150/linux/compiler/lib/intel64_lin -L/usr/lib/gcc/x86_64-linux-gnu/5/ -L/usr/lib/gcc/x86_64-linux-gnu/5/../../../x86_64-linux-gnu/ -L/usr/lib/gcc/x86_64-linux-gnu/5/../../../../lib/ -L/lib/x86_64-linux-gnu/ -L/lib/../lib64 -L/lib/../lib/ -L/usr/lib/x86_64-linux-gnu/ -L/usr/lib/../lib/ -L/usr/lib/gcc/x86_64-linux-gnu/5/../../../ -L/lib64 -L/lib/ -L/usr/lib -L/usr/lib/i386-linux-gnu CMakeFiles/cmTryCompileExec4121575128.dir/CMakeCXXCompilerABI.cpp.o --enable-new-dtags -rpath /opt/intel//compilers_and_libraries_2016.1.150/linux/mpi/intel64/lib/release_mt -rpath /opt/intel//compilers_and_libraries_2016.1.150/linux/mpi/intel64/lib -rpath /opt/intel/mpi-rt/5.1/intel64/lib/release_mt -rpath /opt/intel/mpi-rt/5.1/intel64/lib -lmpicxx -lmpifort -lmpi -lmpigi -ldl -lrt -lpthread -Bdynamic -Bstatic -limf -lsvml -lirng -Bdynamic -lm -Bstatic -lipgo -ldecimal --as-needed -Bdynamic -lcilkrts --no-as-needed -lstdc++ -lgcc -lgcc_s -Bstatic -lirc -lsvml -Bdynamic -lc -lgcc -lgcc_s -Bstatic -lirc_s -Bdynamic -ldl -lc /usr/lib/gcc/x86_64-linux-gnu/5/crtend.o /usr/lib/gcc/x86_64-linux-gnu/5/../../../x86_64-linux-gnu/crtn.o]
    arg [ld] ==> ignore
    arg [/usr/lib/gcc/x86_64-linux-gnu/5/../../../x86_64-linux-gnu/crt1.o] ==> ignore
    arg [/usr/lib/gcc/x86_64-linux-gnu/5/../../../x86_64-linux-gnu/crti.o] ==> ignore
    arg [/usr/lib/gcc/x86_64-linux-gnu/5/crtbegin.o] ==> ignore
    arg [-export-dynamic] ==> ignore
    arg [--eh-frame-hdr] ==> ignore
    arg [--build-id] ==> ignore
    arg [-dynamic-linker] ==> ignore
    arg [/lib64/ld-linux-x86-64.so.2] ==> ignore
    arg [-m] ==> ignore
    arg [elf_x86_64] ==> ignore
    arg [-L/opt/intel//compilers_and_libraries_2016.1.150/linux/mpi/intel64/lib/release_mt] ==> dir [/opt/intel//compilers_and_libraries_2016.1.150/linux/mpi/intel64/lib/release_mt]
    arg [-L/opt/intel//compilers_and_libraries_2016.1.150/linux/mpi/intel64/lib] ==> dir [/opt/intel//compilers_and_libraries_2016.1.150/linux/mpi/intel64/lib]
    arg [-o] ==> ignore
    arg [cmTryCompileExec4121575128] ==> ignore
    arg [-L/opt/intel/compilers_and_libraries_2016.1.150/linux/compiler/lib/intel64_lin] ==> dir [/opt/intel/compilers_and_libraries_2016.1.150/linux/compiler/lib/intel64_lin]
    arg [-L/usr/lib/gcc/x86_64-linux-gnu/5/] ==> dir [/usr/lib/gcc/x86_64-linux-gnu/5/]
    arg [-L/usr/lib/gcc/x86_64-linux-gnu/5/../../../x86_64-linux-gnu/] ==> dir [/usr/lib/gcc/x86_64-linux-gnu/5/../../../x86_64-linux-gnu/]
    arg [-L/usr/lib/gcc/x86_64-linux-gnu/5/../../../../lib/] ==> dir [/usr/lib/gcc/x86_64-linux-gnu/5/../../../../lib/]
    arg [-L/lib/x86_64-linux-gnu/] ==> dir [/lib/x86_64-linux-gnu/]
    arg [-L/lib/../lib64] ==> dir [/lib/../lib64]
    arg [-L/lib/../lib/] ==> dir [/lib/../lib/]
    arg [-L/usr/lib/x86_64-linux-gnu/] ==> dir [/usr/lib/x86_64-linux-gnu/]
    arg [-L/usr/lib/../lib/] ==> dir [/usr/lib/../lib/]
    arg [-L/usr/lib/gcc/x86_64-linux-gnu/5/../../../] ==> dir [/usr/lib/gcc/x86_64-linux-gnu/5/../../../]
    arg [-L/lib64] ==> dir [/lib64]
    arg [-L/lib/] ==> dir [/lib/]
    arg [-L/usr/lib] ==> dir [/usr/lib]
    arg [-L/usr/lib/i386-linux-gnu] ==> dir [/usr/lib/i386-linux-gnu]
    arg [CMakeFiles/cmTryCompileExec4121575128.dir/CMakeCXXCompilerABI.cpp.o] ==> ignore
    arg [--enable-new-dtags] ==> ignore
    arg [-rpath] ==> ignore
    arg [/opt/intel//compilers_and_libraries_2016.1.150/linux/mpi/intel64/lib/release_mt] ==> ignore
    arg [-rpath] ==> ignore
    arg [/opt/intel//compilers_and_libraries_2016.1.150/linux/mpi/intel64/lib] ==> ignore
    arg [-rpath] ==> ignore
    arg [/opt/intel/mpi-rt/5.1/intel64/lib/release_mt] ==> ignore
    arg [-rpath] ==> ignore
    arg [/opt/intel/mpi-rt/5.1/intel64/lib] ==> ignore
    arg [-lmpicxx] ==> lib [mpicxx]
    arg [-lmpifort] ==> lib [mpifort]
    arg [-lmpi] ==> lib [mpi]
    arg [-lmpigi] ==> lib [mpigi]
    arg [-ldl] ==> lib [dl]
    arg [-lrt] ==> lib [rt]
    arg [-lpthread] ==> lib [pthread]
    arg [-Bdynamic] ==> ignore
    arg [-Bstatic] ==> ignore
    arg [-limf] ==> lib [imf]
    arg [-lsvml] ==> lib [svml]
    arg [-lirng] ==> lib [irng]
    arg [-Bdynamic] ==> ignore
    arg [-lm] ==> lib [m]
    arg [-Bstatic] ==> ignore
    arg [-lipgo] ==> lib [ipgo]
    arg [-ldecimal] ==> lib [decimal]
    arg [--as-needed] ==> ignore
    arg [-Bdynamic] ==> ignore
    arg [-lcilkrts] ==> lib [cilkrts]
    arg [--no-as-needed] ==> ignore
    arg [-lstdc++] ==> lib [stdc++]
    arg [-lgcc] ==> lib [gcc]
    arg [-lgcc_s] ==> lib [gcc_s]
    arg [-Bstatic] ==> ignore
    arg [-lirc] ==> lib [irc]
    arg [-lsvml] ==> lib [svml]
    arg [-Bdynamic] ==> ignore
    arg [-lc] ==> lib [c]
    arg [-lgcc] ==> lib [gcc]
    arg [-lgcc_s] ==> lib [gcc_s]
    arg [-Bstatic] ==> ignore
    arg [-lirc_s] ==> lib [irc_s]
    arg [-Bdynamic] ==> ignore
    arg [-ldl] ==> lib [dl]
    arg [-lc] ==> lib [c]
    arg [/usr/lib/gcc/x86_64-linux-gnu/5/crtend.o] ==> ignore
    arg [/usr/lib/gcc/x86_64-linux-gnu/5/../../../x86_64-linux-gnu/crtn.o] ==> ignore
  remove lib [gcc]
  remove lib [gcc_s]
  remove lib [gcc]
  remove lib [gcc_s]
  collapse library dir [/opt/intel//compilers_and_libraries_2016.1.150/linux/mpi/intel64/lib/release_mt] ==> [/opt/intel/compilers_and_libraries_2016.1.150/linux/mpi/intel64/lib/release_mt]
  collapse library dir [/opt/intel//compilers_and_libraries_2016.1.150/linux/mpi/intel64/lib] ==> [/opt/intel/compilers_and_libraries_2016.1.150/linux/mpi/intel64/lib]
  collapse library dir [/opt/intel/compilers_and_libraries_2016.1.150/linux/compiler/lib/intel64_lin] ==> [/opt/intel/compilers_and_libraries_2016.1.150/linux/compiler/lib/intel64_lin]
  collapse library dir [/usr/lib/gcc/x86_64-linux-gnu/5/] ==> [/usr/lib/gcc/x86_64-linux-gnu/5]
  collapse library dir [/usr/lib/gcc/x86_64-linux-gnu/5/../../../x86_64-linux-gnu/] ==> [/usr/lib/x86_64-linux-gnu]
  collapse library dir [/usr/lib/gcc/x86_64-linux-gnu/5/../../../../lib/] ==> [/usr/lib]
  collapse library dir [/lib/x86_64-linux-gnu/] ==> [/lib/x86_64-linux-gnu]
  collapse library dir [/lib/../lib64] ==> [/lib64]
  collapse library dir [/lib/../lib/] ==> [/lib]
  collapse library dir [/usr/lib/x86_64-linux-gnu/] ==> [/usr/lib/x86_64-linux-gnu]
  collapse library dir [/usr/lib/../lib/] ==> [/usr/lib]
  collapse library dir [/usr/lib/gcc/x86_64-linux-gnu/5/../../../] ==> [/usr/lib]
  collapse library dir [/lib64] ==> [/lib64]
  collapse library dir [/lib/] ==> [/lib]
  collapse library dir [/usr/lib] ==> [/usr/lib]
  collapse library dir [/usr/lib/i386-linux-gnu] ==> [/usr/lib/i386-linux-gnu]
  implicit libs: [mpicxx;mpifort;mpi;mpigi;dl;rt;pthread;imf;svml;irng;m;ipgo;decimal;cilkrts;stdc++;irc;svml;c;irc_s;dl;c]
  implicit dirs: [/opt/intel/compilers_and_libraries_2016.1.150/linux/mpi/intel64/lib/release_mt;/opt/intel/compilers_and_libraries_2016.1.150/linux/mpi/intel64/lib;/opt/intel/compilers_and_libraries_2016.1.150/linux/compiler/lib/intel64_lin;/usr/lib/gcc/x86_64-linux-gnu/5;/usr/lib/x86_64-linux-gnu;/usr/lib;/lib/x86_64-linux-gnu;/lib64;/lib;/usr/lib/i386-linux-gnu]
  implicit fwks: []


Determining if files pthread.h exist passed with the following output:
Change Dir: /home/xentrics/Development/cpp coding/AE/ae_smoothlife/build/CMakeFiles/CMakeTmp

Run Build Command:"/usr/bin/make" "cmTryCompileExec1632576677/fast"
/usr/bin/make -f CMakeFiles/cmTryCompileExec1632576677.dir/build.make CMakeFiles/cmTryCompileExec1632576677.dir/build
make[1]: Entering directory '/home/xentrics/Development/cpp coding/AE/ae_smoothlife/build/CMakeFiles/CMakeTmp'
/usr/bin/cmake -E cmake_progress_report "/home/xentrics/Development/cpp coding/AE/ae_smoothlife/build/CMakeFiles/CMakeTmp/CMakeFiles" 1
Building C object CMakeFiles/cmTryCompileExec1632576677.dir/CheckIncludeFiles.c.o
/opt/intel/compilers_and_libraries/linux/mpi/bin64/mpicc    -o CMakeFiles/cmTryCompileExec1632576677.dir/CheckIncludeFiles.c.o   -c "/home/xentrics/Development/cpp coding/AE/ae_smoothlife/build/CMakeFiles/CMakeTmp/CheckIncludeFiles.c"
Linking C executable cmTryCompileExec1632576677
/usr/bin/cmake -E cmake_link_script CMakeFiles/cmTryCompileExec1632576677.dir/link.txt --verbose=1
/opt/intel/compilers_and_libraries/linux/mpi/bin64/mpicc       CMakeFiles/cmTryCompileExec1632576677.dir/CheckIncludeFiles.c.o  -o cmTryCompileExec1632576677 -rdynamic 
make[1]: Leaving directory '/home/xentrics/Development/cpp coding/AE/ae_smoothlife/build/CMakeFiles/CMakeTmp'


Determining if the pthread_create exist passed with the following output:
Change Dir: /home/xentrics/Development/cpp coding/AE/ae_smoothlife/build/CMakeFiles/CMakeTmp

Run Build Command:"/usr/bin/make" "cmTryCompileExec118888505/fast"
/usr/bin/make -f CMakeFiles/cmTryCompileExec118888505.dir/build.make CMakeFiles/cmTryCompileExec118888505.dir/build
make[1]: Entering directory '/home/xentrics/Development/cpp coding/AE/ae_smoothlife/build/CMakeFiles/CMakeTmp'
/usr/bin/cmake -E cmake_progress_report "/home/xentrics/Development/cpp coding/AE/ae_smoothlife/build/CMakeFiles/CMakeTmp/CMakeFiles" 1
Building C object CMakeFiles/cmTryCompileExec118888505.dir/CheckSymbolExists.c.o
/opt/intel/compilers_and_libraries/linux/mpi/bin64/mpicc    -o CMakeFiles/cmTryCompileExec118888505.dir/CheckSymbolExists.c.o   -c "/home/xentrics/Development/cpp coding/AE/ae_smoothlife/build/CMakeFiles/CMakeTmp/CheckSymbolExists.c"
Linking C executable cmTryCompileExec118888505
/usr/bin/cmake -E cmake_link_script CMakeFiles/cmTryCompileExec118888505.dir/link.txt --verbose=1
/opt/intel/compilers_and_libraries/linux/mpi/bin64/mpicc       CMakeFiles/cmTryCompileExec118888505.dir/CheckSymbolExists.c.o  -o cmTryCompileExec118888505 -rdynamic 
make[1]: Leaving directory '/home/xentrics/Development/cpp coding/AE/ae_smoothlife/build/CMakeFiles/CMakeTmp'

File /home/xentrics/Development/cpp coding/AE/ae_smoothlife/build/CMakeFiles/CMakeTmp/CheckSymbolExists.c:
/* */
#include <pthread.h>

int main(int argc, char** argv)
{
  (void)argv;
#ifndef pthread_create
  return ((int*)(&pthread_create))[argc];
#else
  (void)argc;
  return 0;
#endif
}

